## Footprint report - date 07/27/18 12:50:37
## Created by Pcbnew version kicad 4.0.7
## Unit = mm, Angle = deg.

$BeginDESCRIPTION

$BOARD
upper_left_corner 106.520857 62.424999
lower_right_corner 187.575001 137.575001
$EndBOARD

$MODULE "M1"
reference "M1"
value "VibrationMotor"
footprint "custom:VibrationMotor17x5WithDrillHoles"
attribut none
position 126.841825 116.695786  orientation 225.00
layer front
$PAD "2"
Shape Circle Layer both
position -1.596000  3.302000  size  1.524000  1.524000  orientation 0.00
drill  0.800000
shape_offset  0.000000  0.000000
$EndPAD
$PAD "1"
Shape Circle Layer both
position  1.706000  3.302000  size  1.524000  1.524000  orientation 0.00
drill  0.800000
shape_offset  0.000000  0.000000
$EndPAD
$PAD ""
Shape Oval Layer both
position  4.500000 -6.500000  size  1.500000  2.000000  orientation 0.00
drill  1.500000
shape_offset  0.000000  0.000000
$EndPAD
$PAD ""
Shape Oval Layer both
position -4.500000 -6.500000  size  1.500000  2.000000  orientation 0.00
drill  1.500000
shape_offset  0.000000  0.000000
$EndPAD
$EndMODULE  M1

$MODULE "U2"
reference "U2"
value "ATMEGA328P-AU"
footprint "custom:TQFP-32_7x7mm_Pitch0.8mm"
attribut smd
position 138.684000 84.906000  orientation 0.00
layer front
$PAD "1"
Shape Rect Layer front
position -4.250000 -2.800000  size  1.600000  0.550000  orientation 0.00
drill  0.000000
shape_offset  0.000000  0.000000
$EndPAD
$PAD "2"
Shape Rect Layer front
position -4.250000 -2.000000  size  1.600000  0.550000  orientation 0.00
drill  0.000000
shape_offset  0.000000  0.000000
$EndPAD
$PAD "3"
Shape Rect Layer front
position -4.250000 -1.200000  size  1.600000  0.550000  orientation 0.00
drill  0.000000
shape_offset  0.000000  0.000000
$EndPAD
$PAD "4"
Shape Rect Layer front
position -4.250000 -0.400000  size  1.600000  0.550000  orientation 0.00
drill  0.000000
shape_offset  0.000000  0.000000
$EndPAD
$PAD "5"
Shape Rect Layer front
position -4.250000  0.400000  size  1.600000  0.550000  orientation 0.00
drill  0.000000
shape_offset  0.000000  0.000000
$EndPAD
$PAD "6"
Shape Rect Layer front
position -4.250000  1.200000  size  1.600000  0.550000  orientation 0.00
drill  0.000000
shape_offset  0.000000  0.000000
$EndPAD
$PAD "7"
Shape Rect Layer front
position -4.250000  2.000000  size  1.600000  0.550000  orientation 0.00
drill  0.000000
shape_offset  0.000000  0.000000
$EndPAD
$PAD "8"
Shape Rect Layer front
position -4.250000  2.800000  size  1.600000  0.550000  orientation 0.00
drill  0.000000
shape_offset  0.000000  0.000000
$EndPAD
$PAD "9"
Shape Rect Layer front
position -2.800000  4.250000  size  1.600000  0.550000  orientation 90.00
drill  0.000000
shape_offset  0.000000  0.000000
$EndPAD
$PAD "10"
Shape Rect Layer front
position -2.000000  4.250000  size  1.600000  0.550000  orientation 90.00
drill  0.000000
shape_offset  0.000000  0.000000
$EndPAD
$PAD "11"
Shape Rect Layer front
position -1.200000  4.250000  size  1.600000  0.550000  orientation 90.00
drill  0.000000
shape_offset  0.000000  0.000000
$EndPAD
$PAD "12"
Shape Rect Layer front
position -0.400000  4.250000  size  1.600000  0.550000  orientation 90.00
drill  0.000000
shape_offset  0.000000  0.000000
$EndPAD
$PAD "13"
Shape Rect Layer front
position  0.400000  4.250000  size  1.600000  0.550000  orientation 90.00
drill  0.000000
shape_offset  0.000000  0.000000
$EndPAD
$PAD "14"
Shape Rect Layer front
position  1.200000  4.250000  size  1.600000  0.550000  orientation 90.00
drill  0.000000
shape_offset  0.000000  0.000000
$EndPAD
$PAD "15"
Shape Rect Layer front
position  2.000000  4.250000  size  1.600000  0.550000  orientation 90.00
drill  0.000000
shape_offset  0.000000  0.000000
$EndPAD
$PAD "16"
Shape Rect Layer front
position  2.800000  4.250000  size  1.600000  0.550000  orientation 90.00
drill  0.000000
shape_offset  0.000000  0.000000
$EndPAD
$PAD "17"
Shape Rect Layer front
position  4.250000  2.800000  size  1.600000  0.550000  orientation 0.00
drill  0.000000
shape_offset  0.000000  0.000000
$EndPAD
$PAD "18"
Shape Rect Layer front
position  4.250000  2.000000  size  1.600000  0.550000  orientation 0.00
drill  0.000000
shape_offset  0.000000  0.000000
$EndPAD
$PAD "19"
Shape Rect Layer front
position  4.250000  1.200000  size  1.600000  0.550000  orientation 0.00
drill  0.000000
shape_offset  0.000000  0.000000
$EndPAD
$PAD "20"
Shape Rect Layer front
position  4.250000  0.400000  size  1.600000  0.550000  orientation 0.00
drill  0.000000
shape_offset  0.000000  0.000000
$EndPAD
$PAD "21"
Shape Rect Layer front
position  4.250000 -0.400000  size  1.600000  0.550000  orientation 0.00
drill  0.000000
shape_offset  0.000000  0.000000
$EndPAD
$PAD "22"
Shape Rect Layer front
position  4.250000 -1.200000  size  1.600000  0.550000  orientation 0.00
drill  0.000000
shape_offset  0.000000  0.000000
$EndPAD
$PAD "23"
Shape Rect Layer front
position  4.250000 -2.000000  size  1.600000  0.550000  orientation 0.00
drill  0.000000
shape_offset  0.000000  0.000000
$EndPAD
$PAD "24"
Shape Rect Layer front
position  4.250000 -2.800000  size  1.600000  0.550000  orientation 0.00
drill  0.000000
shape_offset  0.000000  0.000000
$EndPAD
$PAD "25"
Shape Rect Layer front
position  2.800000 -4.250000  size  1.600000  0.550000  orientation 90.00
drill  0.000000
shape_offset  0.000000  0.000000
$EndPAD
$PAD "26"
Shape Rect Layer front
position  2.000000 -4.250000  size  1.600000  0.550000  orientation 90.00
drill  0.000000
shape_offset  0.000000  0.000000
$EndPAD
$PAD "27"
Shape Rect Layer front
position  1.200000 -4.250000  size  1.600000  0.550000  orientation 90.00
drill  0.000000
shape_offset  0.000000  0.000000
$EndPAD
$PAD "28"
Shape Rect Layer front
position  0.400000 -4.250000  size  1.600000  0.550000  orientation 90.00
drill  0.000000
shape_offset  0.000000  0.000000
$EndPAD
$PAD "29"
Shape Rect Layer front
position -0.400000 -4.250000  size  1.600000  0.550000  orientation 90.00
drill  0.000000
shape_offset  0.000000  0.000000
$EndPAD
$PAD "30"
Shape Rect Layer front
position -1.200000 -4.250000  size  1.600000  0.550000  orientation 90.00
drill  0.000000
shape_offset  0.000000  0.000000
$EndPAD
$PAD "31"
Shape Rect Layer front
position -2.000000 -4.250000  size  1.600000  0.550000  orientation 90.00
drill  0.000000
shape_offset  0.000000  0.000000
$EndPAD
$PAD "32"
Shape Rect Layer front
position -2.800000 -4.250000  size  1.600000  0.550000  orientation 90.00
drill  0.000000
shape_offset  0.000000  0.000000
$EndPAD
$EndMODULE  U2

$MODULE "C1"
reference "C1"
value "4.7uF"
footprint "Capacitors_SMD:C_0805_HandSoldering"
attribut smd
position 170.668000 94.488000  orientation 0.00
layer front
$PAD "1"
Shape Rect Layer front
position -1.250000  0.000000  size  1.500000  1.250000  orientation 0.00
drill  0.000000
shape_offset  0.000000  0.000000
$EndPAD
$PAD "2"
Shape Rect Layer front
position  1.250000  0.000000  size  1.500000  1.250000  orientation 0.00
drill  0.000000
shape_offset  0.000000  0.000000
$EndPAD
$EndMODULE  C1

$MODULE "C2"
reference "C2"
value "10uF"
footprint "Capacitors_SMD:C_0805_HandSoldering"
attribut smd
position 170.688000 86.360000  orientation 0.00
layer front
$PAD "1"
Shape Rect Layer front
position -1.250000  0.000000  size  1.500000  1.250000  orientation 0.00
drill  0.000000
shape_offset  0.000000  0.000000
$EndPAD
$PAD "2"
Shape Rect Layer front
position  1.250000  0.000000  size  1.500000  1.250000  orientation 0.00
drill  0.000000
shape_offset  0.000000  0.000000
$EndPAD
$EndMODULE  C2

$MODULE "C4"
reference "C4"
value "4.7uF"
footprint "Capacitors_SMD:CP_Elec_5x5.3"
attribut smd
position 162.052000 126.746000  orientation 180.00
layer front
$PAD "1"
Shape Rect Layer front
position -2.200000  0.000000  size  3.000000  1.600000  orientation -180.00
drill  0.000000
shape_offset  0.000000  0.000000
$EndPAD
$PAD "2"
Shape Rect Layer front
position  2.200000  0.000000  size  3.000000  1.600000  orientation -180.00
drill  0.000000
shape_offset  0.000000  0.000000
$EndPAD
$EndMODULE  C4

$MODULE "C5"
reference "C5"
value "22pF"
footprint "Capacitors_SMD:C_0805_HandSoldering"
attribut smd
position 124.734000 81.788000  orientation 180.00
layer front
$PAD "1"
Shape Rect Layer front
position -1.250000  0.000000  size  1.500000  1.250000  orientation 0.00
drill  0.000000
shape_offset  0.000000  0.000000
$EndPAD
$PAD "2"
Shape Rect Layer front
position  1.250000  0.000000  size  1.500000  1.250000  orientation 0.00
drill  0.000000
shape_offset  0.000000  0.000000
$EndPAD
$EndMODULE  C5

$MODULE "C6"
reference "C6"
value "22pF"
footprint "Capacitors_SMD:C_0805_HandSoldering"
attribut smd
position 124.734000 89.408000  orientation 180.00
layer front
$PAD "1"
Shape Rect Layer front
position -1.250000  0.000000  size  1.500000  1.250000  orientation 0.00
drill  0.000000
shape_offset  0.000000  0.000000
$EndPAD
$PAD "2"
Shape Rect Layer front
position  1.250000  0.000000  size  1.500000  1.250000  orientation 0.00
drill  0.000000
shape_offset  0.000000  0.000000
$EndPAD
$EndMODULE  C6

$MODULE "C7"
reference "C7"
value "0.1uF"
footprint "Capacitors_SMD:C_1206_HandSoldering"
attribut smd
position 152.146000 120.650000  orientation 90.00
layer front
$PAD "1"
Shape Rect Layer front
position -2.000000  0.000000  size  2.000000  1.600000  orientation 0.00
drill  0.000000
shape_offset  0.000000  0.000000
$EndPAD
$PAD "2"
Shape Rect Layer front
position  2.000000  0.000000  size  2.000000  1.600000  orientation 0.00
drill  0.000000
shape_offset  0.000000  0.000000
$EndPAD
$EndMODULE  C7

$MODULE "C8"
reference "C8"
value "1uF"
footprint "Capacitors_SMD:CP_Elec_4x5.3"
attribut smd
position 164.084000 107.188000  orientation 0.00
layer front
$PAD "1"
Shape Rect Layer front
position -1.800000  0.000000  size  2.600000  1.600000  orientation 180.00
drill  0.000000
shape_offset  0.000000  0.000000
$EndPAD
$PAD "2"
Shape Rect Layer front
position  1.800000  0.000000  size  2.600000  1.600000  orientation 180.00
drill  0.000000
shape_offset  0.000000  0.000000
$EndPAD
$EndMODULE  C8

$MODULE "C9"
reference "C9"
value "22uF"
footprint "Capacitors_SMD:CP_Elec_6.3x5.8"
attribut smd
position 144.018000 116.332000  orientation 0.00
layer front
$PAD "1"
Shape Rect Layer front
position -2.700000  0.000000  size  3.500000  1.600000  orientation 180.00
drill  0.000000
shape_offset  0.000000  0.000000
$EndPAD
$PAD "2"
Shape Rect Layer front
position  2.700000  0.000000  size  3.500000  1.600000  orientation 180.00
drill  0.000000
shape_offset  0.000000  0.000000
$EndPAD
$EndMODULE  C9

$MODULE "D1"
reference "D1"
value "LED"
footprint "LEDs:LED_0805_HandSoldering"
attribut smd
position 173.990000 113.538000  orientation 0.00
layer front
$PAD "1"
Shape Rect Layer front
position -1.350000  0.000000  size  1.500000  1.300000  orientation 0.00
drill  0.000000
shape_offset  0.000000  0.000000
$EndPAD
$PAD "2"
Shape Rect Layer front
position  1.350000  0.000000  size  1.500000  1.300000  orientation 0.00
drill  0.000000
shape_offset  0.000000  0.000000
$EndPAD
$EndMODULE  D1

$MODULE "L1"
reference "L1"
value "L"
footprint "Inductors_SMD:L_Abracon_ASPI-3012S"
attribut smd
position 170.688000 98.806000  orientation 180.00
layer front
$PAD "1"
Shape Rect Layer front
position -1.150000  0.000000  size  1.000000  2.750000  orientation 0.00
drill  0.000000
shape_offset  0.000000  0.000000
$EndPAD
$PAD "2"
Shape Rect Layer front
position  1.150000  0.000000  size  1.000000  2.750000  orientation 0.00
drill  0.000000
shape_offset  0.000000  0.000000
$EndPAD
$EndMODULE  L1

$MODULE "LS1"
reference "LS1"
value "Speaker"
footprint "custom:SpeakerDigisoundSAL5050MC"
attribut none
position 150.000000 100.000000  orientation 0.00
layer front
$PAD "1"
Shape Circle Layer both
position 17.894000 20.396000  size  1.524000  1.524000  orientation 0.00
drill  0.762000
shape_offset  0.000000  0.000000
$EndPAD
$PAD "2"
Shape Circle Layer both
position -32.144000 -6.020000  size  1.524000  1.524000  orientation 0.00
drill  0.762000
shape_offset  0.000000  0.000000
$EndPAD
$EndMODULE  LS1

$MODULE "R1"
reference "R1"
value "68K"
footprint "Resistors_SMD:R_0805_HandSoldering"
attribut smd
position 166.116000 87.122000  orientation 270.00
layer front
$PAD "1"
Shape Rect Layer front
position -1.350000  0.000000  size  1.500000  1.300000  orientation 0.00
drill  0.000000
shape_offset  0.000000  0.000000
$EndPAD
$PAD "2"
Shape Rect Layer front
position  1.350000  0.000000  size  1.500000  1.300000  orientation 0.00
drill  0.000000
shape_offset  0.000000  0.000000
$EndPAD
$EndMODULE  R1

$MODULE "R2"
reference "R2"
value "22K"
footprint "Resistors_SMD:R_0805_HandSoldering"
attribut smd
position 166.116000 92.456000  orientation 270.00
layer front
$PAD "1"
Shape Rect Layer front
position -1.350000  0.000000  size  1.500000  1.300000  orientation 0.00
drill  0.000000
shape_offset  0.000000  0.000000
$EndPAD
$PAD "2"
Shape Rect Layer front
position  1.350000  0.000000  size  1.500000  1.300000  orientation 0.00
drill  0.000000
shape_offset  0.000000  0.000000
$EndPAD
$EndMODULE  R2

$MODULE "R3"
reference "R3"
value "10K"
footprint "Resistors_SMD:R_0805_HandSoldering"
attribut smd
position 134.366000 76.454000  orientation 0.00
layer front
$PAD "1"
Shape Rect Layer front
position -1.350000  0.000000  size  1.500000  1.300000  orientation 0.00
drill  0.000000
shape_offset  0.000000  0.000000
$EndPAD
$PAD "2"
Shape Rect Layer front
position  1.350000  0.000000  size  1.500000  1.300000  orientation 0.00
drill  0.000000
shape_offset  0.000000  0.000000
$EndPAD
$EndMODULE  R3

$MODULE "R4"
reference "R4"
value "22"
footprint "Resistors_SMD:R_0805_HandSoldering"
attribut smd
position 134.112000 113.538000  orientation 0.00
layer front
$PAD "1"
Shape Rect Layer front
position -1.350000  0.000000  size  1.500000  1.300000  orientation 0.00
drill  0.000000
shape_offset  0.000000  0.000000
$EndPAD
$PAD "2"
Shape Rect Layer front
position  1.350000  0.000000  size  1.500000  1.300000  orientation 0.00
drill  0.000000
shape_offset  0.000000  0.000000
$EndPAD
$EndMODULE  R4

$MODULE "R5"
reference "R5"
value "220"
footprint "Resistors_SMD:R_0805_HandSoldering"
attribut smd
position 173.990000 109.982000  orientation 180.00
layer front
$PAD "1"
Shape Rect Layer front
position -1.350000  0.000000  size  1.500000  1.300000  orientation 0.00
drill  0.000000
shape_offset  0.000000  0.000000
$EndPAD
$PAD "2"
Shape Rect Layer front
position  1.350000  0.000000  size  1.500000  1.300000  orientation 0.00
drill  0.000000
shape_offset  0.000000  0.000000
$EndPAD
$EndMODULE  R5

$MODULE "R6"
reference "R6"
value "1175"
footprint "Resistors_SMD:R_0805_HandSoldering"
attribut smd
position 131.064000 103.886000  orientation 0.00
layer front
$PAD "1"
Shape Rect Layer front
position -1.350000  0.000000  size  1.500000  1.300000  orientation 0.00
drill  0.000000
shape_offset  0.000000  0.000000
$EndPAD
$PAD "2"
Shape Rect Layer front
position  1.350000  0.000000  size  1.500000  1.300000  orientation 0.00
drill  0.000000
shape_offset  0.000000  0.000000
$EndPAD
$EndMODULE  R6

$MODULE "R7"
reference "R7"
value "1175"
footprint "Resistors_SMD:R_0805_HandSoldering"
attribut smd
position 134.112000 108.458000  orientation 0.00
layer front
$PAD "1"
Shape Rect Layer front
position -1.350000  0.000000  size  1.500000  1.300000  orientation 0.00
drill  0.000000
shape_offset  0.000000  0.000000
$EndPAD
$PAD "2"
Shape Rect Layer front
position  1.350000  0.000000  size  1.500000  1.300000  orientation 0.00
drill  0.000000
shape_offset  0.000000  0.000000
$EndPAD
$EndMODULE  R7

$MODULE "R8"
reference "R8"
value "1600"
footprint "Resistors_SMD:R_0805_HandSoldering"
attribut smd
position 128.270000 100.330000  orientation 0.00
layer front
$PAD "1"
Shape Rect Layer front
position -1.350000  0.000000  size  1.500000  1.300000  orientation 0.00
drill  0.000000
shape_offset  0.000000  0.000000
$EndPAD
$PAD "2"
Shape Rect Layer front
position  1.350000  0.000000  size  1.500000  1.300000  orientation 0.00
drill  0.000000
shape_offset  0.000000  0.000000
$EndPAD
$EndMODULE  R8

$MODULE "R9"
reference "R9"
value "30K"
footprint "Resistors_SMD:R_0805_HandSoldering"
attribut smd
position 155.448000 94.996000  orientation 0.00
layer front
$PAD "1"
Shape Rect Layer front
position -1.350000  0.000000  size  1.500000  1.300000  orientation 0.00
drill  0.000000
shape_offset  0.000000  0.000000
$EndPAD
$PAD "2"
Shape Rect Layer front
position  1.350000  0.000000  size  1.500000  1.300000  orientation 0.00
drill  0.000000
shape_offset  0.000000  0.000000
$EndPAD
$EndMODULE  R9

$MODULE "R10"
reference "R10"
value "2.2K"
footprint "Resistors_SMD:R_0805_HandSoldering"
attribut smd
position 163.576000 113.538000  orientation 180.00
layer front
$PAD "1"
Shape Rect Layer front
position -1.350000  0.000000  size  1.500000  1.300000  orientation 0.00
drill  0.000000
shape_offset  0.000000  0.000000
$EndPAD
$PAD "2"
Shape Rect Layer front
position  1.350000  0.000000  size  1.500000  1.300000  orientation 0.00
drill  0.000000
shape_offset  0.000000  0.000000
$EndPAD
$EndMODULE  R10

$MODULE "SW1"
reference "SW1"
value "SW_DPDT_x2"
footprint "custom:switch_SMDslide_JS202011SCQN"
attribut smd
position 179.070000 98.044000  orientation 270.00
layer front
$PAD "1"
Shape Rect Layer front
position -3.050000  3.000000  size  1.100000  2.000000  orientation 0.00
drill  0.000000
shape_offset  0.000000  0.000000
$EndPAD
$PAD "2"
Shape Rect Layer front
position  0.000000  3.000000  size  1.100000  2.000000  orientation 0.00
drill  0.000000
shape_offset  0.000000  0.000000
$EndPAD
$PAD "3"
Shape Rect Layer front
position  3.050000  3.000000  size  1.100000  2.000000  orientation 0.00
drill  0.000000
shape_offset  0.000000  0.000000
$EndPAD
$PAD "5"
Shape Rect Layer front
position  0.000000 -3.000000  size  1.100000  2.000000  orientation 0.00
drill  0.000000
shape_offset  0.000000  0.000000
$EndPAD
$PAD "4"
Shape Rect Layer front
position -3.050000 -3.000000  size  1.100000  2.000000  orientation 0.00
drill  0.000000
shape_offset  0.000000  0.000000
$EndPAD
$PAD "6"
Shape Rect Layer front
position  3.050000 -3.000000  size  1.100000  2.000000  orientation 0.00
drill  0.000000
shape_offset  0.000000  0.000000
$EndPAD
$EndMODULE  SW1

$MODULE "C3"
reference "C3"
value "1000uF"
footprint "Capacitors_SMD:CP_Elec_10x10.5"
attribut smd
position 157.290000 83.058000  orientation 180.00
layer front
$PAD "1"
Shape Rect Layer front
position -4.000000  0.000000  size  4.000000  2.500000  orientation -180.00
drill  0.000000
shape_offset  0.000000  0.000000
$EndPAD
$PAD "2"
Shape Rect Layer front
position  4.000000  0.000000  size  4.000000  2.500000  orientation -180.00
drill  0.000000
shape_offset  0.000000  0.000000
$EndPAD
$EndMODULE  C3

$MODULE "U1"
reference "U1"
value "MCP1640TIchy"
footprint "custom:MCP1640TIchy"
attribut smd
position 170.688000 90.424000  orientation 90.00
layer front
$PAD "6"
Shape Rect Layer front
position -0.950000 -1.400000  size  0.600000  1.100000  orientation 0.00
drill  0.000000
shape_offset  0.000000  0.000000
$EndPAD
$PAD "1"
Shape Rect Layer front
position -0.950000  1.400000  size  0.600000  1.100000  orientation 0.00
drill  0.000000
shape_offset  0.000000  0.000000
$EndPAD
$PAD "5"
Shape Rect Layer front
position  0.000000 -1.400000  size  0.600000  1.100000  orientation 0.00
drill  0.000000
shape_offset  0.000000  0.000000
$EndPAD
$PAD "2"
Shape Rect Layer front
position  0.000000  1.400000  size  0.600000  1.100000  orientation 0.00
drill  0.000000
shape_offset  0.000000  0.000000
$EndPAD
$PAD "4"
Shape Rect Layer front
position  0.950000 -1.400000  size  0.600000  1.100000  orientation 0.00
drill  0.000000
shape_offset  0.000000  0.000000
$EndPAD
$PAD "3"
Shape Rect Layer front
position  0.950000  1.400000  size  0.600000  1.100000  orientation 0.00
drill  0.000000
shape_offset  0.000000  0.000000
$EndPAD
$EndMODULE  U1

$MODULE "Y1"
reference "Y1"
value "16MHz"
footprint "custom:Crystal_SMD_ABRACON_ABLS7M2"
attribut smd
position 129.794000 85.598000  orientation 270.00
layer front
$PAD "1"
Shape Rect Layer front
position -2.750000  0.000000  size  3.500000  1.200000  orientation 0.00
drill  0.000000
shape_offset  0.000000  0.000000
$EndPAD
$PAD "2"
Shape Rect Layer front
position  2.750000  0.000000  size  3.500000  1.200000  orientation 0.00
drill  0.000000
shape_offset  0.000000  0.000000
$EndPAD
$EndMODULE  Y1

$MODULE "D3"
reference "D3"
value "D"
footprint "Diodes_SMD:D_SOD-323_HandSoldering"
attribut smd
position 157.226000 116.566000  orientation 270.00
layer front
$PAD "1"
Shape Rect Layer front
position -1.250000  0.000000  size  1.000000  1.000000  orientation 0.00
drill  0.000000
shape_offset  0.000000  0.000000
$EndPAD
$PAD "2"
Shape Rect Layer front
position  1.250000  0.000000  size  1.000000  1.000000  orientation 0.00
drill  0.000000
shape_offset  0.000000  0.000000
$EndPAD
$EndMODULE  D3

$MODULE "U3"
reference "U3"
value "LM386"
footprint "Housings_SOIC:SOIC-8_3.9x4.9mm_Pitch1.27mm"
attribut smd
position 150.368000 129.540000  orientation 0.00
layer front
$PAD "1"
Shape Rect Layer front
position -2.700000 -1.905000  size  1.550000  0.600000  orientation 0.00
drill  0.000000
shape_offset  0.000000  0.000000
$EndPAD
$PAD "2"
Shape Rect Layer front
position -2.700000 -0.635000  size  1.550000  0.600000  orientation 0.00
drill  0.000000
shape_offset  0.000000  0.000000
$EndPAD
$PAD "3"
Shape Rect Layer front
position -2.700000  0.635000  size  1.550000  0.600000  orientation 0.00
drill  0.000000
shape_offset  0.000000  0.000000
$EndPAD
$PAD "4"
Shape Rect Layer front
position -2.700000  1.905000  size  1.550000  0.600000  orientation 0.00
drill  0.000000
shape_offset  0.000000  0.000000
$EndPAD
$PAD "5"
Shape Rect Layer front
position  2.700000  1.905000  size  1.550000  0.600000  orientation 0.00
drill  0.000000
shape_offset  0.000000  0.000000
$EndPAD
$PAD "6"
Shape Rect Layer front
position  2.700000  0.635000  size  1.550000  0.600000  orientation 0.00
drill  0.000000
shape_offset  0.000000  0.000000
$EndPAD
$PAD "7"
Shape Rect Layer front
position  2.700000 -0.635000  size  1.550000  0.600000  orientation 0.00
drill  0.000000
shape_offset  0.000000  0.000000
$EndPAD
$PAD "8"
Shape Rect Layer front
position  2.700000 -1.905000  size  1.550000  0.600000  orientation 0.00
drill  0.000000
shape_offset  0.000000  0.000000
$EndPAD
$EndMODULE  U3

$MODULE "BT1"
reference "BT1"
value "ExtPwrSply"
footprint "custom:BatteryConnector"
attribut none
position 180.848000 107.442000  orientation 270.00
layer front
$PAD "1"
Shape Circle Layer both
position -2.540000  0.000000  size  1.524000  1.524000  orientation 0.00
drill  0.762000
shape_offset  0.000000  0.000000
$EndPAD
$PAD "2"
Shape Circle Layer both
position  2.540000  0.000000  size  1.524000  1.524000  orientation 0.00
drill  0.762000
shape_offset  0.000000  0.000000
$EndPAD
$EndMODULE  BT1

$MODULE "BT2"
reference "BT2"
value "Battery_Cell"
footprint "custom:BatteryConnector"
attribut none
position 180.848000 89.154000  orientation 90.00
layer front
$PAD "1"
Shape Circle Layer both
position -2.540000  0.000000  size  1.524000  1.524000  orientation 0.00
drill  0.762000
shape_offset  0.000000  0.000000
$EndPAD
$PAD "2"
Shape Circle Layer both
position  2.540000  0.000000  size  1.524000  1.524000  orientation 0.00
drill  0.762000
shape_offset  0.000000  0.000000
$EndPAD
$EndMODULE  BT2

$MODULE "REF**"
reference "REF**"
value "MountingHole_3.2mm_M3"
footprint "Mounting_Holes:MountingHole_3.2mm_M3"
attribut virtual
position 116.078000 98.552000  orientation 0.00
layer front
$PAD "1"
Shape Circle Layer both
position  0.000000  0.000000  size  3.200000  3.200000  orientation 0.00
drill  3.200000
shape_offset  0.000000  0.000000
$EndPAD
$EndMODULE  REF**

$MODULE "REF**"
reference "REF**"
value "MountingHole_3.2mm_M3"
footprint "Mounting_Holes:MountingHole_3.2mm_M3"
attribut virtual
position 167.640000 71.120000  orientation 0.00
layer front
$PAD "1"
Shape Circle Layer both
position  0.000000  0.000000  size  3.200000  3.200000  orientation 0.00
drill  3.200000
shape_offset  0.000000  0.000000
$EndPAD
$EndMODULE  REF**

$MODULE "REF**"
reference "REF**"
value "MountingHole_3.2mm_M3"
footprint "Mounting_Holes:MountingHole_3.2mm_M3"
attribut virtual
position 174.244000 123.698000  orientation 0.00
layer front
$PAD "1"
Shape Circle Layer both
position  0.000000  0.000000  size  3.200000  3.200000  orientation 0.00
drill  3.200000
shape_offset  0.000000  0.000000
$EndPAD
$EndMODULE  REF**

$MODULE "ISP1"
reference "ISP1"
value "AVR-ISP-6"
footprint "custom:Pin_Header_Straight_2x03_Pitch2.54mm_SMD"
attribut smd
position 149.606000 71.374000  orientation 90.00
layer front
$PAD "1"
Shape Rect Layer front
position -2.525000 -2.540000  size  3.150000  1.000000  orientation 0.00
drill  0.000000
shape_offset  0.000000  0.000000
$EndPAD
$PAD "2"
Shape Rect Layer front
position  2.525000 -2.540000  size  3.150000  1.000000  orientation 0.00
drill  0.000000
shape_offset  0.000000  0.000000
$EndPAD
$PAD "3"
Shape Rect Layer front
position -2.525000  0.000000  size  3.150000  1.000000  orientation 0.00
drill  0.000000
shape_offset  0.000000  0.000000
$EndPAD
$PAD "4"
Shape Rect Layer front
position  2.525000  0.000000  size  3.150000  1.000000  orientation 0.00
drill  0.000000
shape_offset  0.000000  0.000000
$EndPAD
$PAD "5"
Shape Rect Layer front
position -2.525000  2.540000  size  3.150000  1.000000  orientation 0.00
drill  0.000000
shape_offset  0.000000  0.000000
$EndPAD
$PAD "6"
Shape Rect Layer front
position  2.525000  2.540000  size  3.150000  1.000000  orientation 0.00
drill  0.000000
shape_offset  0.000000  0.000000
$EndPAD
$EndMODULE  ISP1

$MODULE "RGB"
reference "RGB"
value "LED_RAGB"
footprint "custom:LED_RCGB_AAA3528"
attribut smd
position 120.904000 107.188000  orientation 90.00
layer front
$PAD "3"
Shape Rect Layer front
position -1.400000 -0.725000  size  1.200000  0.900000  orientation 0.00
drill  0.000000
shape_offset  0.000000  0.000000
$EndPAD
$PAD "4"
Shape Rect Layer front
position  1.400000 -0.725000  size  1.200000  0.900000  orientation 0.00
drill  0.000000
shape_offset  0.000000  0.000000
$EndPAD
$PAD "2"
Shape Rect Layer front
position -1.400000  0.725000  size  1.200000  0.900000  orientation 0.00
drill  0.000000
shape_offset  0.000000  0.000000
$EndPAD
$PAD "1"
Shape Rect Layer front
position  1.400000  0.725000  size  1.200000  0.900000  orientation 0.00
drill  0.000000
shape_offset  0.000000  0.000000
$EndPAD
$EndMODULE  RGB

$MODULE "BT"
reference "BT"
value "Batteriehalterung"
footprint "custom:Batteriehalterung_2xAA"
attribut smd
position 150.000000 100.000000  orientation 90.00
layer back
$PAD ""
Shape Circle Layer both
position  9.000000  0.000000  size  3.500000  3.500000  orientation 0.00
drill  3.300000
shape_offset  0.000000  0.000000
$EndPAD
$PAD ""
Shape Circle Layer both
position -9.000000  0.000000  size  3.500000  3.500000  orientation 0.00
drill  3.300000
shape_offset  0.000000  0.000000
$EndPAD
$EndMODULE  BT

$MODULE "MK1"
reference "MK1"
value "Microphone"
footprint "custom:Microphone_Electret_WM52"
attribut none
position 145.542000 102.108000  orientation 0.00
layer front
$PAD "1"
Shape Circle Layer both
position -1.500000  2.000000  size  1.524000  1.524000  orientation 0.00
drill  0.800000
shape_offset  0.000000  0.000000
$EndPAD
$PAD "2"
Shape Circle Layer both
position  1.500000  2.000000  size  1.524000  1.524000  orientation 0.00
drill  0.800000
shape_offset  0.000000  0.000000
$EndPAD
$EndMODULE  MK1

$EndDESCRIPTION
